<?xml version="1.0" encoding="UTF-8"?>
<!-- Generated by org.testng.reporters.JUnitReportReporter -->
<testsuite skipped="0" hostname="ARAVINDA-DELL-PERSONAL" name="test.TestViewSection" tests="1" failures="0" timestamp="25 Aug 2022 10:46:58 GMT" time="8.491" errors="0">
  <testcase name="longPressTest" time="8.491" classname="test.TestViewSection"/>
</testsuite> <!-- test.TestViewSection -->
